<?xml version="1.0" encoding="UTF-8"?>
<coverage generated="1588027961759" clover="3.2.0">
  <project timestamp="1588027961759" name="All files">
    <metrics statements="13" coveredstatements="13" conditionals="1" coveredconditionals="1" methods="2" coveredmethods="2" elements="16" coveredelements="16" complexity="0" loc="13" ncloc="13" packages="2" files="3" classes="3"/>
    <package name="config">
      <metrics statements="1" coveredstatements="1" conditionals="0" coveredconditionals="0" methods="0" coveredmethods="0"/>
      <file name="default.js" path="C:\Users\Felipe\Documents\MBA-19MOB\NodeJs\NodeAula2\NodeAulaII\config\default.js">
        <metrics statements="1" coveredstatements="1" conditionals="0" coveredconditionals="0" methods="0" coveredmethods="0"/>
        <line num="1" count="2" type="stmt"/>
      </file>
    </package>
    <package name="utils">
      <metrics statements="12" coveredstatements="12" conditionals="1" coveredconditionals="1" methods="2" coveredmethods="2"/>
      <file name="createToken.js" path="C:\Users\Felipe\Documents\MBA-19MOB\NodeJs\NodeAula2\NodeAulaII\utils\createToken.js">
        <metrics statements="5" coveredstatements="5" conditionals="1" coveredconditionals="1" methods="1" coveredmethods="1"/>
        <line num="1" count="1" type="stmt"/>
        <line num="2" count="1" type="stmt"/>
        <line num="4" count="1" type="cond" truecount="1" falsecount="0"/>
        <line num="5" count="2" type="stmt"/>
        <line num="12" count="1" type="stmt"/>
      </file>
      <file name="cryptoPassword.js" path="C:\Users\Felipe\Documents\MBA-19MOB\NodeJs\NodeAula2\NodeAulaII\utils\cryptoPassword.js">
        <metrics statements="7" coveredstatements="7" conditionals="0" coveredconditionals="0" methods="1" coveredmethods="1"/>
        <line num="1" count="1" type="stmt"/>
        <line num="2" count="1" type="stmt"/>
        <line num="5" count="1" type="stmt"/>
        <line num="6" count="1" type="stmt"/>
        <line num="7" count="1" type="stmt"/>
        <line num="9" count="1" type="stmt"/>
        <line num="12" count="1" type="stmt"/>
      </file>
    </package>
  </project>
</coverage>
