{"C:\\Users\\Felipe\\Documents\\MBA-19MOB\\NodeJs\\NodeAula2\\NodeAulaII\\config\\default.js": {"path":"C:\\Users\\Felipe\\Documents\\MBA-19MOB\\NodeJs\\NodeAula2\\NodeAulaII\\config\\default.js","statementMap":{"0":{"start":{"line":1,"column":0},"end":{"line":3,"column":1}}},"fnMap":{},"branchMap":{},"s":{"0":4},"f":{},"b":{},"_coverageSchema":"1a1c01bbd47fc00a2c39e90264f33305004495a9","hash":"d458f103a06a39089c7ef962396b34cef6896164"}
,"C:\\Users\\Felipe\\Documents\\MBA-19MOB\\NodeJs\\NodeAula2\\NodeAulaII\\middlewares\\verifyToken.js": {"path":"C:\\Users\\Felipe\\Documents\\MBA-19MOB\\NodeJs\\NodeAula2\\NodeAulaII\\middlewares\\verifyToken.js","statementMap":{"0":{"start":{"line":1,"column":12},"end":{"line":1,"column":35}},"1":{"start":{"line":2,"column":17},"end":{"line":2,"column":45}},"2":{"start":{"line":4,"column":20},"end":{"line":34,"column":1}},"3":{"start":{"line":5,"column":4},"end":{"line":5,"column":22}},"4":{"start":{"line":6,"column":18},"end":{"line":6,"column":47}},"5":{"start":{"line":8,"column":4},"end":{"line":15,"column":5}},"6":{"start":{"line":9,"column":8},"end":{"line":14,"column":19}},"7":{"start":{"line":17,"column":4},"end":{"line":33,"column":7}},"8":{"start":{"line":19,"column":8},"end":{"line":31,"column":9}},"9":{"start":{"line":20,"column":28},"end":{"line":20,"column":39}},"10":{"start":{"line":21,"column":12},"end":{"line":27,"column":13}},"11":{"start":{"line":23,"column":20},"end":{"line":23,"column":54}},"12":{"start":{"line":24,"column":20},"end":{"line":24,"column":26}},"13":{"start":{"line":26,"column":20},"end":{"line":26,"column":54}},"14":{"start":{"line":28,"column":12},"end":{"line":30,"column":37}},"15":{"start":{"line":32,"column":8},"end":{"line":32,"column":15}},"16":{"start":{"line":36,"column":0},"end":{"line":36,"column":29}}},"fnMap":{"0":{"name":"(anonymous_0)","decl":{"start":{"line":4,"column":20},"end":{"line":4,"column":21}},"loc":{"start":{"line":4,"column":40},"end":{"line":34,"column":1}},"line":4},"1":{"name":"(anonymous_1)","decl":{"start":{"line":17,"column":30},"end":{"line":17,"column":31}},"loc":{"start":{"line":17,"column":49},"end":{"line":33,"column":5}},"line":17}},"branchMap":{"0":{"loc":{"start":{"line":8,"column":4},"end":{"line":15,"column":5}},"type":"if","locations":[{"start":{"line":8,"column":4},"end":{"line":15,"column":5}},{"start":{"line":8,"column":4},"end":{"line":15,"column":5}}],"line":8},"1":{"loc":{"start":{"line":19,"column":8},"end":{"line":31,"column":9}},"type":"if","locations":[{"start":{"line":19,"column":8},"end":{"line":31,"column":9}},{"start":{"line":19,"column":8},"end":{"line":31,"column":9}}],"line":19},"2":{"loc":{"start":{"line":21,"column":12},"end":{"line":27,"column":13}},"type":"switch","locations":[{"start":{"line":22,"column":16},"end":{"line":24,"column":26}},{"start":{"line":25,"column":16},"end":{"line":26,"column":54}}],"line":21}},"s":{"0":1,"1":1,"2":1,"3":1,"4":1,"5":1,"6":0,"7":1,"8":1,"9":0,"10":0,"11":0,"12":0,"13":0,"14":0,"15":1,"16":1},"f":{"0":1,"1":1},"b":{"0":[0,1],"1":[0,1],"2":[0,0]},"_coverageSchema":"1a1c01bbd47fc00a2c39e90264f33305004495a9","hash":"9918501e659b3bd6a51b359d930c6ae63d9ba8f5"}
,"C:\\Users\\Felipe\\Documents\\MBA-19MOB\\NodeJs\\NodeAula2\\NodeAulaII\\utils\\createToken.js": {"path":"C:\\Users\\Felipe\\Documents\\MBA-19MOB\\NodeJs\\NodeAula2\\NodeAulaII\\utils\\createToken.js","statementMap":{"0":{"start":{"line":1,"column":12},"end":{"line":1,"column":35}},"1":{"start":{"line":2,"column":19},"end":{"line":2,"column":47}},"2":{"start":{"line":4,"column":20},"end":{"line":10,"column":1}},"3":{"start":{"line":5,"column":4},"end":{"line":9,"column":6}},"4":{"start":{"line":12,"column":0},"end":{"line":12,"column":29}}},"fnMap":{"0":{"name":"(anonymous_0)","decl":{"start":{"line":4,"column":20},"end":{"line":4,"column":21}},"loc":{"start":{"line":4,"column":49},"end":{"line":10,"column":1}},"line":4}},"branchMap":{"0":{"loc":{"start":{"line":4,"column":27},"end":{"line":4,"column":44}},"type":"default-arg","locations":[{"start":{"line":4,"column":39},"end":{"line":4,"column":44}}],"line":4}},"s":{"0":3,"1":3,"2":3,"3":5,"4":3},"f":{"0":5},"b":{"0":[2]},"_coverageSchema":"1a1c01bbd47fc00a2c39e90264f33305004495a9","hash":"7f2fd2a3d32e8c4632dbe7cfa78d93de573a66ad"}
,"C:\\Users\\Felipe\\Documents\\MBA-19MOB\\NodeJs\\NodeAula2\\NodeAulaII\\utils\\cryptoPassword.js": {"path":"C:\\Users\\Felipe\\Documents\\MBA-19MOB\\NodeJs\\NodeAula2\\NodeAulaII\\utils\\cryptoPassword.js","statementMap":{"0":{"start":{"line":1,"column":15},"end":{"line":1,"column":32}},"1":{"start":{"line":2,"column":19},"end":{"line":2,"column":47}},"2":{"start":{"line":5,"column":23},"end":{"line":10,"column":1}},"3":{"start":{"line":6,"column":17},"end":{"line":6,"column":52}},"4":{"start":{"line":7,"column":4},"end":{"line":7,"column":26}},"5":{"start":{"line":9,"column":4},"end":{"line":9,"column":30}},"6":{"start":{"line":12,"column":0},"end":{"line":12,"column":32}}},"fnMap":{"0":{"name":"(anonymous_0)","decl":{"start":{"line":5,"column":23},"end":{"line":5,"column":24}},"loc":{"start":{"line":5,"column":37},"end":{"line":10,"column":1}},"line":5}},"branchMap":{},"s":{"0":1,"1":1,"2":1,"3":1,"4":1,"5":1,"6":1},"f":{"0":1},"b":{},"_coverageSchema":"1a1c01bbd47fc00a2c39e90264f33305004495a9","hash":"c08636a3ed0e5212dc9ce3b60a5c35ab6e270f65"}
}
