{"C:\\Users\\Felipe\\Documents\\MBA-19MOB\\NodeJs\\NodeAula2\\NodeAulaII\\config\\default.js": {"path":"C:\\Users\\Felipe\\Documents\\MBA-19MOB\\NodeJs\\NodeAula2\\NodeAulaII\\config\\default.js","statementMap":{"0":{"start":{"line":1,"column":0},"end":{"line":3,"column":1}}},"fnMap":{},"branchMap":{},"s":{"0":2},"f":{},"b":{},"_coverageSchema":"1a1c01bbd47fc00a2c39e90264f33305004495a9","hash":"d458f103a06a39089c7ef962396b34cef6896164"}
,"C:\\Users\\Felipe\\Documents\\MBA-19MOB\\NodeJs\\NodeAula2\\NodeAulaII\\utils\\createToken.js": {"path":"C:\\Users\\Felipe\\Documents\\MBA-19MOB\\NodeJs\\NodeAula2\\NodeAulaII\\utils\\createToken.js","statementMap":{"0":{"start":{"line":1,"column":12},"end":{"line":1,"column":35}},"1":{"start":{"line":2,"column":19},"end":{"line":2,"column":47}},"2":{"start":{"line":4,"column":20},"end":{"line":10,"column":1}},"3":{"start":{"line":5,"column":4},"end":{"line":9,"column":6}},"4":{"start":{"line":12,"column":0},"end":{"line":12,"column":29}}},"fnMap":{"0":{"name":"(anonymous_0)","decl":{"start":{"line":4,"column":20},"end":{"line":4,"column":21}},"loc":{"start":{"line":4,"column":49},"end":{"line":10,"column":1}},"line":4}},"branchMap":{"0":{"loc":{"start":{"line":4,"column":27},"end":{"line":4,"column":44}},"type":"default-arg","locations":[{"start":{"line":4,"column":39},"end":{"line":4,"column":44}}],"line":4}},"s":{"0":1,"1":1,"2":1,"3":2,"4":1},"f":{"0":2},"b":{"0":[1]},"_coverageSchema":"1a1c01bbd47fc00a2c39e90264f33305004495a9","hash":"7f2fd2a3d32e8c4632dbe7cfa78d93de573a66ad"}
,"C:\\Users\\Felipe\\Documents\\MBA-19MOB\\NodeJs\\NodeAula2\\NodeAulaII\\utils\\cryptoPassword.js": {"path":"C:\\Users\\Felipe\\Documents\\MBA-19MOB\\NodeJs\\NodeAula2\\NodeAulaII\\utils\\cryptoPassword.js","statementMap":{"0":{"start":{"line":1,"column":15},"end":{"line":1,"column":32}},"1":{"start":{"line":2,"column":19},"end":{"line":2,"column":47}},"2":{"start":{"line":5,"column":23},"end":{"line":10,"column":1}},"3":{"start":{"line":6,"column":17},"end":{"line":6,"column":52}},"4":{"start":{"line":7,"column":4},"end":{"line":7,"column":26}},"5":{"start":{"line":9,"column":4},"end":{"line":9,"column":30}},"6":{"start":{"line":12,"column":0},"end":{"line":12,"column":32}}},"fnMap":{"0":{"name":"(anonymous_0)","decl":{"start":{"line":5,"column":23},"end":{"line":5,"column":24}},"loc":{"start":{"line":5,"column":37},"end":{"line":10,"column":1}},"line":5}},"branchMap":{},"s":{"0":1,"1":1,"2":1,"3":1,"4":1,"5":1,"6":1},"f":{"0":1},"b":{},"_coverageSchema":"1a1c01bbd47fc00a2c39e90264f33305004495a9","hash":"c08636a3ed0e5212dc9ce3b60a5c35ab6e270f65"}
}
